<?xml version="1.0" encoding="UTF-8"?>
<!-- Generated by org.testng.reporters.JUnitXMLReporter -->
<testsuite ignored="1" hostname="Ricardos-MacBook-Pro.local" failures="0" tests="1" name="Default test" time="18.758" errors="0" timestamp="25 Feb 2023 14:39:20 GMT">
  <testcase classname="com.orangehrm.qa.LoginPOM" name="tc002LoginFailed" time="12.784"/>
  <testcase classname="com.orangehrm.qa.LoginPOM" name="tc001LoginUser" time="0.0">
    <ignored/>
  </testcase> <!-- tc001LoginUser -->
</testsuite> <!-- Default test -->
