<?xml version="1.0" encoding="UTF-8"?>
<!-- Generated by org.testng.reporters.JUnitXMLReporter -->
<testsuite ignored="1" hostname="Ricardos-MacBook-Pro.local" failures="0" tests="1" name="Default test" time="26.098" errors="0" timestamp="25 Feb 2023 15:00:58 GMT">
  <testcase classname="com.orangehrm.qa.LoginPOM" name="tc001LoginUser" time="18.005"/>
  <testcase classname="com.orangehrm.qa.LoginPOM" name="tc002LoginFailed" time="0.0">
    <ignored/>
  </testcase> <!-- tc002LoginFailed -->
</testsuite> <!-- Default test -->
