<?xml version="1.0" encoding="UTF-8"?>
<testng-results ignored="0" total="1" passed="1" failed="0" skipped="0">
  <reporter-output>
  </reporter-output>
  <suite started-at="2023-02-04T17:48:34Z" name="Default suite" finished-at="2023-02-04T17:48:34Z" duration-ms="29">
    <groups>
    </groups>
    <test started-at="2023-02-04T17:48:34Z" name="Default test" finished-at="2023-02-04T17:48:34Z" duration-ms="29">
      <class name="com.orangehrm.qa.Login">
        <test-method is-config="true" signature="beforeTest()[pri:0, instance:com.orangehrm.qa.Login@8e50104]" started-at="2023-02-04T17:48:34Z" name="beforeTest" finished-at="2023-02-04T17:48:34Z" duration-ms="9" status="PASS">
          <reporter-output>
          </reporter-output>
        </test-method> <!-- beforeTest -->
        <test-method signature="tc001Login()[pri:0, instance:com.orangehrm.qa.Login@8e50104]" started-at="2023-02-04T17:48:34Z" name="tc001Login" finished-at="2023-02-04T17:48:34Z" duration-ms="4" status="PASS">
          <reporter-output>
          </reporter-output>
        </test-method> <!-- tc001Login -->
        <test-method is-config="true" signature="afterTest()[pri:0, instance:com.orangehrm.qa.Login@8e50104]" started-at="2023-02-04T17:48:34Z" name="afterTest" finished-at="2023-02-04T17:48:34Z" duration-ms="1" status="PASS">
          <reporter-output>
          </reporter-output>
        </test-method> <!-- afterTest -->
      </class> <!-- com.orangehrm.qa.Login -->
    </test> <!-- Default test -->
  </suite> <!-- Default suite -->
</testng-results>
